# JRE version: OpenJDK Runtime Environment Temurin-21.0.12.1+1 (21.0.12.1+1) (build 21.0.12.1+1-LTS)
# Java VM: OpenJDK 64-Bit Server VM Temurin-21.0.12.1+1 (21.0.12.1+1-LTS, mixed mode, sharing, tiered, compressed oops, compressed class ptrs, parallel gc, windows-amd64)
GC Precious Log:
 CardTable entry size: 512
 CPUs: 8 total, 8 available
 Memory: 8029M
 Large Page Support: Disabled
 NUMA Support: Disabled
 Compressed Oops: Enabled (32-bit)
 Alignments: Space 512K, Generation 512K, Heap 2M
 Heap Min Capacity: 100M
 Heap Initial Capacity: 100M
 Heap Max Capacity: 2G
 Pre-touch: Disabled
 Parallel Workers: 8
Heap:
 PSYoungGen      total 2560K, used 1264K [0x00000000d5580000, 0x00000000d5900000, 0x0000000100000000)
  eden space 2048K, 47% used [0x00000000d5580000,0x00000000d56740f8,0x00000000d5780000)
  from space 512K, 56% used [0x00000000d5800000,0x00000000d5848000,0x00000000d5880000)
  to   space 512K, 0% used [0x00000000d5880000,0x00000000d5880000,0x00000000d5900000)
 ParOldGen       total 668160K, used 668083K [0x0000000080000000, 0x00000000a8c80000, 0x00000000d5580000)
  object space 668160K, 99% used [0x0000000080000000,0x00000000a8c6cda8,0x00000000a8c80000)
 Metaspace       used 77130K, committed 78912K, reserved 1179648K
  class space    used 7868K, committed 8640K, reserved 1048576K
GC Heap History (20 events):
Event: 7255.154 GC heap before
{Heap before GC invocations=890 (full 4):
 PSYoungGen      total 2560K, used 2080K [0x00000000d5580000, 0x00000000d5a00000, 0x0000000100000000)
  eden space 1024K, 99% used [0x00000000d5580000,0x00000000d567ffb0,0x00000000d5680000)
  from space 1536K, 68% used [0x00000000d5680000,0x00000000d5788228,0x00000000d5800000)
  to   space 1536K, 0% used [0x00000000d5880000,0x00000000d5880000,0x00000000d5a00000)
 ParOldGen       total 664576K, used 664239K [0x0000000080000000, 0x00000000a8900000, 0x00000000d5580000)
  object space 664576K, 99% used [0x0000000080000000,0x00000000a88abcd0,0x00000000a8900000)
 Metaspace       used 77106K, committed 78848K, reserved 1179648K
  class space    used 7868K, committed 8640K, reserved 1048576K
}
Event: 7255.156 GC heap after
{Heap after GC invocations=890 (full 4):
 PSYoungGen      total 2560K, used 626K [0x00000000d5580000, 0x00000000d5980000, 0x0000000100000000)
  eden space 1536K, 0% used [0x00000000d5580000,0x00000000d5580000,0x00000000d5700000)
  from space 1024K, 61% used [0x00000000d5880000,0x00000000d591c878,0x00000000d5980000)
  to   space 1024K, 0% used [0x00000000d5780000,0x00000000d5780000,0x00000000d5880000)
 ParOldGen       total 665600K, used 665182K [0x0000000080000000, 0x00000000a8a00000, 0x00000000d5580000)
  object space 665600K, 99% used [0x0000000080000000,0x00000000a8997ba0,0x00000000a8a00000)
 Metaspace       used 77106K, committed 78848K, reserved 1179648K
  class space    used 7868K, committed 8640K, reserved 1048576K
}
Event: 7255.196 GC heap before
{Heap before GC invocations=891 (full 4):
 PSYoungGen      total 2560K, used 2162K [0x00000000d5580000, 0x00000000d5980000, 0x0000000100000000)
  eden space 1536K, 100% used [0x00000000d5580000,0x00000000d5700000,0x00000000d5700000)
  from space 1024K, 61% used [0x00000000d5880000,0x00000000d591c878,0x00000000d5980000)
  to   space 1024K, 0% used [0x00000000d5780000,0x00000000d5780000,0x00000000d5880000)
 ParOldGen       total 665600K, used 665182K [0x0000000080000000, 0x00000000a8a00000, 0x00000000d5580000)
  object space 665600K, 99% used [0x0000000080000000,0x00000000a8997ba0,0x00000000a8a00000)
 Metaspace       used 77106K, committed 78848K, reserved 1179648K
  class space    used 7868K, committed 8640K, reserved 1048576K
}
Event: 7255.200 GC heap after
{Heap after GC invocations=891 (full 4):
 PSYoungGen      total 2560K, used 848K [0x00000000d5580000, 0x00000000d5900000, 0x0000000100000000)
  eden space 1536K, 0% used [0x00000000d5580000,0x00000000d5580000,0x00000000d5700000)
  from space 1024K, 82% used [0x00000000d5780000,0x00000000d5854010,0x00000000d5880000)
  to   space 512K, 0% used [0x00000000d5880000,0x00000000d5880000,0x00000000d5900000)
 ParOldGen       total 665600K, used 665535K [0x0000000080000000, 0x00000000a8a00000, 0x00000000d5580000)
  object space 665600K, 99% used [0x0000000080000000,0x00000000a89efc28,0x00000000a8a00000)
 Metaspace       used 77106K, committed 78848K, reserved 1179648K
  class space    used 7868K, committed 8640K, reserved 1048576K
}
Event: 7255.205 GC heap before
{Heap before GC invocations=892 (full 4):
 PSYoungGen      total 2560K, used 2381K [0x00000000d5580000, 0x00000000d5900000, 0x0000000100000000)
  eden space 1536K, 99% used [0x00000000d5580000,0x00000000d56ff7b0,0x00000000d5700000)
  from space 1024K, 82% used [0x00000000d5780000,0x00000000d5854010,0x00000000d5880000)
  to   space 512K, 0% used [0x00000000d5880000,0x00000000d5880000,0x00000000d5900000)
 ParOldGen       total 665600K, used 665535K [0x0000000080000000, 0x00000000a8a00000, 0x00000000d5580000)
  object space 665600K, 99% used [0x0000000080000000,0x00000000a89efc28,0x00000000a8a00000)
 Metaspace       used 77106K, committed 78848K, reserved 1179648K
  class space    used 7868K, committed 8640K, reserved 1048576K
}
Event: 7255.207 GC heap after
{Heap after GC invocations=892 (full 4):
 PSYoungGen      total 2560K, used 480K [0x00000000d5580000, 0x00000000d5980000, 0x0000000100000000)
  eden space 2048K, 0% used [0x00000000d5580000,0x00000000d5580000,0x00000000d5780000)
  from space 512K, 93% used [0x00000000d5880000,0x00000000d58f8010,0x00000000d5900000)
  to   space 1024K, 0% used [0x00000000d5780000,0x00000000d5780000,0x00000000d5880000)
 ParOldGen       total 666624K, used 666406K [0x0000000080000000, 0x00000000a8b00000, 0x00000000d5580000)
  object space 666624K, 99% used [0x0000000080000000,0x00000000a8ac9b80,0x00000000a8b00000)
 Metaspace       used 77106K, committed 78848K, reserved 1179648K
  class space    used 7868K, committed 8640K, reserved 1048576K
}
Event: 7255.215 GC heap before
{Heap before GC invocations=893 (full 4):
 PSYoungGen      total 2560K, used 2528K [0x00000000d5580000, 0x00000000d5980000, 0x0000000100000000)
  eden space 2048K, 100% used [0x00000000d5580000,0x00000000d5780000,0x00000000d5780000)
  from space 512K, 93% used [0x00000000d5880000,0x00000000d58f8010,0x00000000d5900000)
  to   space 1024K, 0% used [0x00000000d5780000,0x00000000d5780000,0x00000000d5880000)
 ParOldGen       total 666624K, used 666406K [0x0000000080000000, 0x00000000a8b00000, 0x00000000d5580000)
  object space 666624K, 99% used [0x0000000080000000,0x00000000a8ac9b80,0x00000000a8b00000)
 Metaspace       used 77106K, committed 78848K, reserved 1179648K
  class space    used 7868K, committed 8640K, reserved 1048576K
}
Event: 7255.216 GC heap after
{Heap after GC invocations=893 (full 4):
 PSYoungGen      total 3072K, used 256K [0x00000000d5580000, 0x00000000d5900000, 0x0000000100000000)
  eden space 2048K, 0% used [0x00000000d5580000,0x00000000d5580000,0x00000000d5780000)
  from space 1024K, 25% used [0x00000000d5780000,0x00000000d57c0000,0x00000000d5880000)
  to   space 512K, 0% used [0x00000000d5880000,0x00000000d5880000,0x00000000d5900000)
 ParOldGen       total 666624K, used 666454K [0x0000000080000000, 0x00000000a8b00000, 0x00000000d5580000)
  object space 666624K, 99% used [0x0000000080000000,0x00000000a8ad5b80,0x00000000a8b00000)
 Metaspace       used 77106K, committed 78848K, reserved 1179648K
  class space    used 7868K, committed 8640K, reserved 1048576K
}
Event: 7255.237 GC heap before
{Heap before GC invocations=894 (full 4):
 PSYoungGen      total 3072K, used 2304K [0x00000000d5580000, 0x00000000d5900000, 0x0000000100000000)
  eden space 2048K, 100% used [0x00000000d5580000,0x00000000d5780000,0x00000000d5780000)
  from space 1024K, 25% used [0x00000000d5780000,0x00000000d57c0000,0x00000000d5880000)
  to   space 512K, 0% used [0x00000000d5880000,0x00000000d5880000,0x00000000d5900000)
 ParOldGen       total 666624K, used 666454K [0x0000000080000000, 0x00000000a8b00000, 0x00000000d5580000)
  object space 666624K, 99% used [0x0000000080000000,0x00000000a8ad5b80,0x00000000a8b00000)
 Metaspace       used 77106K, committed 78848K, reserved 1179648K
  class space    used 7868K, committed 8640K, reserved 1048576K
}
Event: 7255.239 GC heap after
{Heap after GC invocations=894 (full 4):
 PSYoungGen      total 2560K, used 352K [0x00000000d5580000, 0x00000000d5900000, 0x0000000100000000)
  eden space 2048K, 0% used [0x00000000d5580000,0x00000000d5580000,0x00000000d5780000)
  from space 512K, 68% used [0x00000000d5880000,0x00000000d58d8000,0x00000000d5900000)
  to   space 512K, 0% used [0x00000000d5800000,0x00000000d5800000,0x00000000d5880000)
 ParOldGen       total 666624K, used 666494K [0x0000000080000000, 0x00000000a8b00000, 0x00000000d5580000)
  object space 666624K, 99% used [0x0000000080000000,0x00000000a8adfb80,0x00000000a8b00000)
 Metaspace       used 77106K, committed 78848K, reserved 1179648K
  class space    used 7868K, committed 8640K, reserved 1048576K
}
Event: 7255.261 GC heap before
{Heap before GC invocations=895 (full 4):
 PSYoungGen      total 2560K, used 2400K [0x00000000d5580000, 0x00000000d5900000, 0x0000000100000000)
  eden space 2048K, 100% used [0x00000000d5580000,0x00000000d5780000,0x00000000d5780000)
  from space 512K, 68% used [0x00000000d5880000,0x00000000d58d8000,0x00000000d5900000)
  to   space 512K, 0% used [0x00000000d5800000,0x00000000d5800000,0x00000000d5880000)
 ParOldGen       total 666624K, used 666494K [0x0000000080000000, 0x00000000a8b00000, 0x00000000d5580000)
  object space 666624K, 99% used [0x0000000080000000,0x00000000a8adfb80,0x00000000a8b00000)
 Metaspace       used 77106K, committed 78848K, reserved 1179648K
  class space    used 7868K, committed 8640K, reserved 1048576K
}
Event: 7255.266 GC heap after
{Heap after GC invocations=895 (full 4):
 PSYoungGen      total 2560K, used 512K [0x00000000d5580000, 0x00000000d5980000, 0x0000000100000000)
  eden space 2048K, 0% used [0x00000000d5580000,0x00000000d5580000,0x00000000d5780000)
  from space 512K, 100% used [0x00000000d5800000,0x00000000d5880000,0x00000000d5880000)
  to   space 1024K, 0% used [0x00000000d5880000,0x00000000d5880000,0x00000000d5980000)
 ParOldGen       total 667136K, used 666726K [0x0000000080000000, 0x00000000a8b80000, 0x00000000d5580000)
  object space 667136K, 99% used [0x0000000080000000,0x00000000a8b19b80,0x00000000a8b80000)
 Metaspace       used 77106K, committed 78848K, reserved 1179648K
  class space    used 7868K, committed 8640K, reserved 1048576K
}
Event: 7255.294 GC heap before
{Heap before GC invocations=896 (full 4):
 PSYoungGen      total 2560K, used 2560K [0x00000000d5580000, 0x00000000d5980000, 0x0000000100000000)
  eden space 2048K, 100% used [0x00000000d5580000,0x00000000d5780000,0x00000000d5780000)
  from space 512K, 100% used [0x00000000d5800000,0x00000000d5880000,0x00000000d5880000)
  to   space 1024K, 0% used [0x00000000d5880000,0x00000000d5880000,0x00000000d5980000)
 ParOldGen       total 667136K, used 666726K [0x0000000080000000, 0x00000000a8b80000, 0x00000000d5580000)
  object space 667136K, 99% used [0x0000000080000000,0x00000000a8b19b80,0x00000000a8b80000)
 Metaspace       used 77108K, committed 78848K, reserved 1179648K
  class space    used 7868K, committed 8640K, reserved 1048576K
}
Event: 7255.298 GC heap after
{Heap after GC invocations=896 (full 4):
 PSYoungGen      total 3072K, used 640K [0x00000000d5580000, 0x00000000d5980000, 0x0000000100000000)
  eden space 2048K, 0% used [0x00000000d5580000,0x00000000d5580000,0x00000000d5780000)
  from space 1024K, 62% used [0x00000000d5880000,0x00000000d5920020,0x00000000d5980000)
  to   space 1024K, 0% used [0x00000000d5780000,0x00000000d5780000,0x00000000d5880000)
 ParOldGen       total 667648K, used 667182K [0x0000000080000000, 0x00000000a8c00000, 0x00000000d5580000)
  object space 667648K, 99% used [0x0000000080000000,0x00000000a8b8bb80,0x00000000a8c00000)
 Metaspace       used 77108K, committed 78848K, reserved 1179648K
  class space    used 7868K, committed 8640K, reserved 1048576K
}
Event: 7255.441 GC heap before
{Heap before GC invocations=897 (full 4):
 PSYoungGen      total 3072K, used 2688K [0x00000000d5580000, 0x00000000d5980000, 0x0000000100000000)
  eden space 2048K, 100% used [0x00000000d5580000,0x00000000d5780000,0x00000000d5780000)
  from space 1024K, 62% used [0x00000000d5880000,0x00000000d5920020,0x00000000d5980000)
  to   space 1024K, 0% used [0x00000000d5780000,0x00000000d5780000,0x00000000d5880000)
 ParOldGen       total 667648K, used 667182K [0x0000000080000000, 0x00000000a8c00000, 0x00000000d5580000)
  object space 667648K, 99% used [0x0000000080000000,0x00000000a8b8bb80,0x00000000a8c00000)
 Metaspace       used 77109K, committed 78848K, reserved 1179648K
  class space    used 7868K, committed 8640K, reserved 1048576K
}
Event: 7255.443 GC heap after
{Heap after GC invocations=897 (full 4):
 PSYoungGen      total 3072K, used 608K [0x00000000d5580000, 0x00000000d5980000, 0x0000000100000000)
  eden space 2048K, 0% used [0x00000000d5580000,0x00000000d5580000,0x00000000d5780000)
  from space 1024K, 59% used [0x00000000d5780000,0x00000000d5818000,0x00000000d5880000)
  to   space 1024K, 0% used [0x00000000d5880000,0x00000000d5880000,0x00000000d5980000)
 ParOldGen       total 668160K, used 667670K [0x0000000080000000, 0x00000000a8c80000, 0x00000000d5580000)
  object space 668160K, 99% used [0x0000000080000000,0x00000000a8c05ba0,0x00000000a8c80000)
 Metaspace       used 77109K, committed 78848K, reserved 1179648K
  class space    used 7868K, committed 8640K, reserved 1048576K
}
Event: 7255.507 GC heap before
{Heap before GC invocations=898 (full 4):
 PSYoungGen      total 3072K, used 2656K [0x00000000d5580000, 0x00000000d5980000, 0x0000000100000000)
  eden space 2048K, 100% used [0x00000000d5580000,0x00000000d5780000,0x00000000d5780000)
  from space 1024K, 59% used [0x00000000d5780000,0x00000000d5818000,0x00000000d5880000)
  to   space 1024K, 0% used [0x00000000d5880000,0x00000000d5880000,0x00000000d5980000)
 ParOldGen       total 668160K, used 667670K [0x0000000080000000, 0x00000000a8c80000, 0x00000000d5580000)
  object space 668160K, 99% used [0x0000000080000000,0x00000000a8c05ba0,0x00000000a8c80000)
 Metaspace       used 77109K, committed 78848K, reserved 1179648K
  class space    used 7868K, committed 8640K, reserved 1048576K
}
Event: 7255.509 GC heap after
{Heap after GC invocations=898 (full 4):
 PSYoungGen      total 2560K, used 256K [0x00000000d5580000, 0x00000000d5900000, 0x0000000100000000)
  eden space 2048K, 0% used [0x00000000d5580000,0x00000000d5580000,0x00000000d5780000)
  from space 512K, 50% used [0x00000000d5880000,0x00000000d58c0000,0x00000000d5900000)
  to   space 512K, 0% used [0x00000000d5800000,0x00000000d5800000,0x00000000d5880000)
 ParOldGen       total 668160K, used 668035K [0x0000000080000000, 0x00000000a8c80000, 0x00000000d5580000)
  object space 668160K, 99% used [0x0000000080000000,0x00000000a8c60da8,0x00000000a8c80000)
 Metaspace       used 77109K, committed 78848K, reserved 1179648K
  class space    used 7868K, committed 8640K, reserved 1048576K
}
Event: 7555.305 GC heap before
{Heap before GC invocations=899 (full 4):
 PSYoungGen      total 2560K, used 2304K [0x00000000d5580000, 0x00000000d5900000, 0x0000000100000000)
  eden space 2048K, 100% used [0x00000000d5580000,0x00000000d5780000,0x00000000d5780000)
  from space 512K, 50% used [0x00000000d5880000,0x00000000d58c0000,0x00000000d5900000)
  to   space 512K, 0% used [0x00000000d5800000,0x00000000d5800000,0x00000000d5880000)
 ParOldGen       total 668160K, used 668035K [0x0000000080000000, 0x00000000a8c80000, 0x00000000d5580000)
  object space 668160K, 99% used [0x0000000080000000,0x00000000a8c60da8,0x00000000a8c80000)
 Metaspace       used 77123K, committed 78912K, reserved 1179648K
  class space    used 7868K, committed 8640K, reserved 1048576K
}
Event: 7555.363 GC heap after
{Heap after GC invocations=899 (full 4):
 PSYoungGen      total 2560K, used 288K [0x00000000d5580000, 0x00000000d5900000, 0x0000000100000000)
  eden space 2048K, 0% used [0x00000000d5580000,0x00000000d5580000,0x00000000d5780000)
  from space 512K, 56% used [0x00000000d5800000,0x00000000d5848000,0x00000000d5880000)
  to   space 512K, 0% used [0x00000000d5880000,0x00000000d5880000,0x00000000d5900000)
 ParOldGen       total 668160K, used 668083K [0x0000000080000000, 0x00000000a8c80000, 0x00000000d5580000)
  object space 668160K, 99% used [0x0000000080000000,0x00000000a8c6cda8,0x00000000a8c80000)
 Metaspace       used 77123K, committed 78912K, reserved 1179648K
  class space    used 7868K, committed 8640K, reserved 1048576K
}

